<?xml version="1.0" encoding="UTF-8"?>
<testng-results ignored="0" total="1" passed="1" failed="0" skipped="0">
  <reporter-output>
  </reporter-output>
  <suite started-at="2023-03-27T22:25:22 IST" name="Default suite" finished-at="2023-03-27T22:25:23 IST" duration-ms="354">
    <groups>
    </groups>
    <test started-at="2023-03-27T22:25:22 IST" name="Default test" finished-at="2023-03-27T22:25:23 IST" duration-ms="354">
      <class name="serializationAndDeserialization.SerializationOfEmployeeDetailsTest">
        <test-method signature="employeeDetailsTest()[pri:0, instance:serializationAndDeserialization.SerializationOfEmployeeDetailsTest@5f9b2141]" started-at="2023-03-27T22:25:22 IST" name="employeeDetailsTest" finished-at="2023-03-27T22:25:23 IST" duration-ms="300" status="PASS">
          <reporter-output>
          </reporter-output>
        </test-method> <!-- employeeDetailsTest -->
      </class> <!-- serializationAndDeserialization.SerializationOfEmployeeDetailsTest -->
    </test> <!-- Default test -->
  </suite> <!-- Default suite -->
</testng-results>
